<?xml version='1.0' encoding='UTF-8' ?>
<testsuite name="com.example.arquitectura.ExampleInstrumentedTest" tests="1" failures="0" errors="0" skipped="0" time="0.195" timestamp="2024-01-11T14:48:50" hostname="localhost">
  <properties>
    <property name="device" value="Pixel_5_API_34(AVD) - 14" />
    <property name="flavor" value="" />
    <property name="project" value=":app" />
  </properties>
  <testcase name="useAppContext" classname="com.example.arquitectura.ExampleInstrumentedTest" time="0.012" />
</testsuite>